# JRE version: OpenJDK Runtime Environment Temurin-17.0.3+7 (17.0.3+7) (build 17.0.3+7)
# Java VM: OpenJDK 64-Bit Server VM Temurin-17.0.3+7 (17.0.3+7, mixed mode, tiered, compressed oops, compressed class ptrs, g1 gc, windows-amd64)
GC Precious Log:
 CPUs: 4 total, 4 available
 Memory: 8065M
 Large Page Support: Disabled
 NUMA Support: Disabled
 Compressed Oops: Enabled (32-bit)
 Heap Region Size: 1M
 Heap Min Capacity: 8M
 Heap Initial Capacity: 128M
 Heap Max Capacity: 2018M
 Pre-touch: Disabled
 Parallel Workers: 4
 Concurrent Workers: 1
 Concurrent Refinement Workers: 4
 Periodic GC: Disabled
Heap:
 garbage-first heap   total 84992K, used 65730K [0x0000000081e00000, 0x0000000100000000)
  region size 1024K, 42 young (43008K), 1 survivors (1024K)
 Metaspace       used 74301K, committed 74944K, reserved 1114112K
  class space    used 9556K, committed 9856K, reserved 1048576K
GC Heap History (20 events):
Event: 234.628 GC heap before
{Heap before GC invocations=35 (full 2):
 garbage-first heap   total 84992K, used 61707K [0x0000000081e00000, 0x0000000100000000)
  region size 1024K, 37 young (37888K), 0 survivors (0K)
 Metaspace       used 71717K, committed 72128K, reserved 1114112K
  class space    used 9321K, committed 9536K, reserved 1048576K
}
Event: 234.632 GC heap after
{Heap after GC invocations=36 (full 2):
 garbage-first heap   total 84992K, used 26846K [0x0000000081e00000, 0x0000000100000000)
  region size 1024K, 3 young (3072K), 3 survivors (3072K)
 Metaspace       used 71717K, committed 72128K, reserved 1114112K
  class space    used 9321K, committed 9536K, reserved 1048576K
}
Event: 249.577 GC heap before
{Heap before GC invocations=36 (full 2):
 garbage-first heap   total 84992K, used 63710K [0x0000000081e00000, 0x0000000100000000)
  region size 1024K, 39 young (39936K), 3 survivors (3072K)
 Metaspace       used 72178K, committed 72640K, reserved 1114112K
  class space    used 9381K, committed 9600K, reserved 1048576K
}
Event: 249.582 GC heap after
{Heap after GC invocations=37 (full 2):
 garbage-first heap   total 84992K, used 27377K [0x0000000081e00000, 0x0000000100000000)
  region size 1024K, 3 young (3072K), 3 survivors (3072K)
 Metaspace       used 72178K, committed 72640K, reserved 1114112K
  class space    used 9381K, committed 9600K, reserved 1048576K
}
Event: 252.227 GC heap before
{Heap before GC invocations=37 (full 2):
 garbage-first heap   total 84992K, used 64241K [0x0000000081e00000, 0x0000000100000000)
  region size 1024K, 39 young (39936K), 3 survivors (3072K)
 Metaspace       used 72381K, committed 72960K, reserved 1114112K
  class space    used 9401K, committed 9664K, reserved 1048576K
}
Event: 252.232 GC heap after
{Heap after GC invocations=38 (full 2):
 garbage-first heap   total 84992K, used 27326K [0x0000000081e00000, 0x0000000100000000)
  region size 1024K, 3 young (3072K), 3 survivors (3072K)
 Metaspace       used 72381K, committed 72960K, reserved 1114112K
  class space    used 9401K, committed 9664K, reserved 1048576K
}
Event: 255.584 GC heap before
{Heap before GC invocations=38 (full 2):
 garbage-first heap   total 84992K, used 64190K [0x0000000081e00000, 0x0000000100000000)
  region size 1024K, 39 young (39936K), 3 survivors (3072K)
 Metaspace       used 72638K, committed 73216K, reserved 1114112K
  class space    used 9428K, committed 9728K, reserved 1048576K
}
Event: 255.588 GC heap after
{Heap after GC invocations=39 (full 2):
 garbage-first heap   total 84992K, used 27417K [0x0000000081e00000, 0x0000000100000000)
  region size 1024K, 3 young (3072K), 3 survivors (3072K)
 Metaspace       used 72638K, committed 73216K, reserved 1114112K
  class space    used 9428K, committed 9728K, reserved 1048576K
}
Event: 285.815 GC heap before
{Heap before GC invocations=39 (full 2):
 garbage-first heap   total 84992K, used 63257K [0x0000000081e00000, 0x0000000100000000)
  region size 1024K, 39 young (39936K), 3 survivors (3072K)
 Metaspace       used 72778K, committed 73408K, reserved 1114112K
  class space    used 9439K, committed 9728K, reserved 1048576K
}
Event: 285.819 GC heap after
{Heap after GC invocations=40 (full 2):
 garbage-first heap   total 84992K, used 26785K [0x0000000081e00000, 0x0000000100000000)
  region size 1024K, 3 young (3072K), 3 survivors (3072K)
 Metaspace       used 72778K, committed 73408K, reserved 1114112K
  class space    used 9439K, committed 9728K, reserved 1048576K
}
Event: 288.520 GC heap before
{Heap before GC invocations=40 (full 2):
 garbage-first heap   total 84992K, used 63649K [0x0000000081e00000, 0x0000000100000000)
  region size 1024K, 40 young (40960K), 3 survivors (3072K)
 Metaspace       used 73005K, committed 73664K, reserved 1114112K
  class space    used 9466K, committed 9792K, reserved 1048576K
}
Event: 288.524 GC heap after
{Heap after GC invocations=41 (full 2):
 garbage-first heap   total 84992K, used 26765K [0x0000000081e00000, 0x0000000100000000)
  region size 1024K, 3 young (3072K), 3 survivors (3072K)
 Metaspace       used 73005K, committed 73664K, reserved 1114112K
  class space    used 9466K, committed 9792K, reserved 1048576K
}
Event: 295.561 GC heap before
{Heap before GC invocations=41 (full 2):
 garbage-first heap   total 84992K, used 63629K [0x0000000081e00000, 0x0000000100000000)
  region size 1024K, 40 young (40960K), 3 survivors (3072K)
 Metaspace       used 73583K, committed 74176K, reserved 1114112K
  class space    used 9496K, committed 9792K, reserved 1048576K
}
Event: 295.567 GC heap after
{Heap after GC invocations=42 (full 2):
 garbage-first heap   total 84992K, used 29502K [0x0000000081e00000, 0x0000000100000000)
  region size 1024K, 5 young (5120K), 5 survivors (5120K)
 Metaspace       used 73583K, committed 74176K, reserved 1114112K
  class space    used 9496K, committed 9792K, reserved 1048576K
}
Event: 316.683 GC heap before
{Heap before GC invocations=42 (full 2):
 garbage-first heap   total 84992K, used 55102K [0x0000000081e00000, 0x0000000100000000)
  region size 1024K, 31 young (31744K), 5 survivors (5120K)
 Metaspace       used 73734K, committed 74304K, reserved 1114112K
  class space    used 9501K, committed 9792K, reserved 1048576K
}
Event: 316.804 GC heap after
{Heap after GC invocations=43 (full 3):
 garbage-first heap   total 84992K, used 24923K [0x0000000081e00000, 0x0000000100000000)
  region size 1024K, 0 young (0K), 0 survivors (0K)
 Metaspace       used 73718K, committed 74304K, reserved 1114112K
  class space    used 9498K, committed 9792K, reserved 1048576K
}
Event: 321.547 GC heap before
{Heap before GC invocations=43 (full 3):
 garbage-first heap   total 84992K, used 64859K [0x0000000081e00000, 0x0000000100000000)
  region size 1024K, 39 young (39936K), 0 survivors (0K)
 Metaspace       used 73862K, committed 74560K, reserved 1114112K
  class space    used 9518K, committed 9856K, reserved 1048576K
}
Event: 321.549 GC heap after
{Heap after GC invocations=44 (full 3):
 garbage-first heap   total 84992K, used 25703K [0x0000000081e00000, 0x0000000100000000)
  region size 1024K, 1 young (1024K), 1 survivors (1024K)
 Metaspace       used 73862K, committed 74560K, reserved 1114112K
  class space    used 9518K, committed 9856K, reserved 1048576K
}
Event: 330.248 GC heap before
{Heap before GC invocations=44 (full 3):
 garbage-first heap   total 84992K, used 65639K [0x0000000081e00000, 0x0000000100000000)
  region size 1024K, 41 young (41984K), 1 survivors (1024K)
 Metaspace       used 74025K, committed 74688K, reserved 1114112K
  class space    used 9536K, committed 9856K, reserved 1048576K
}
Event: 330.253 GC heap after
{Heap after GC invocations=45 (full 3):
 garbage-first heap   total 84992K, used 25794K [0x0000000081e00000, 0x0000000100000000)
  region size 1024K, 1 young (1024K), 1 survivors (1024K)
 Metaspace       used 74025K, committed 74688K, reserved 1114112K
  class space    used 9536K, committed 9856K, reserved 1048576K
}

